<?xml version="1.0" encoding="UTF-8"?>
<testsuite name="br.com.achimid.api.avtklab.controller.TestEventController" tests="2" skipped="0" failures="0" errors="0" timestamp="2018-12-16T01:19:15" hostname="lourran-PC" time="8.222">
  <properties/>
  <testcase name="testEventEndPointWithoutReturn" classname="br.com.achimid.api.avtklab.controller.TestEventController" time="5.138"/>
  <testcase name="testEventEndPoint_badAuth" classname="br.com.achimid.api.avtklab.controller.TestEventController" time="3.083"/>
  <system-out><![CDATA[23:19:04.394 [Test worker] DEBUG org.springframework.test.context.junit4.SpringJUnit4ClassRunner - SpringJUnit4ClassRunner constructor called with [class br.com.achimid.api.avtklab.controller.TestEventController]
23:19:04.404 [Test worker] DEBUG org.springframework.test.context.BootstrapUtils - Instantiating CacheAwareContextLoaderDelegate from class [org.springframework.test.context.cache.DefaultCacheAwareContextLoaderDelegate]
23:19:04.414 [Test worker] DEBUG org.springframework.test.context.BootstrapUtils - Instantiating BootstrapContext using constructor [public org.springframework.test.context.support.DefaultBootstrapContext(java.lang.Class,org.springframework.test.context.CacheAwareContextLoaderDelegate)]
23:19:04.436 [Test worker] DEBUG org.springframework.test.context.BootstrapUtils - Instantiating TestContextBootstrapper for test class [br.com.achimid.api.avtklab.controller.TestEventController] from class [org.springframework.boot.test.context.SpringBootTestContextBootstrapper]
23:19:04.449 [Test worker] INFO org.springframework.boot.test.context.SpringBootTestContextBootstrapper - Neither @ContextConfiguration nor @ContextHierarchy found for test class [br.com.achimid.api.avtklab.controller.TestEventController], using SpringBootContextLoader
23:19:04.453 [Test worker] DEBUG org.springframework.test.context.support.AbstractContextLoader - Did not detect default resource location for test class [br.com.achimid.api.avtklab.controller.TestEventController]: class path resource [br/com/achimid/api/avtklab/controller/TestEventController-context.xml] does not exist
23:19:04.454 [Test worker] DEBUG org.springframework.test.context.support.AbstractContextLoader - Did not detect default resource location for test class [br.com.achimid.api.avtklab.controller.TestEventController]: class path resource [br/com/achimid/api/avtklab/controller/TestEventControllerContext.groovy] does not exist
23:19:04.454 [Test worker] INFO org.springframework.test.context.support.AbstractContextLoader - Could not detect default resource locations for test class [br.com.achimid.api.avtklab.controller.TestEventController]: no resource found for suffixes {-context.xml, Context.groovy}.
23:19:04.456 [Test worker] INFO org.springframework.test.context.support.AnnotationConfigContextLoaderUtils - Could not detect default configuration classes for test class [br.com.achimid.api.avtklab.controller.TestEventController]: TestEventController does not declare any static, non-private, non-final, nested classes annotated with @Configuration.
23:19:04.509 [Test worker] DEBUG org.springframework.test.context.support.ActiveProfilesUtils - Could not find an 'annotation declaring class' for annotation type [org.springframework.test.context.ActiveProfiles] and class [br.com.achimid.api.avtklab.controller.TestEventController]
23:19:04.608 [Test worker] DEBUG org.springframework.context.annotation.ClassPathScanningCandidateComponentProvider - Identified candidate component class: file [/home/lourran/Documentos/workspace/av-tokenlab/api.avtklab/build/classes/java/main/br/com/achimid/api/avtklab/Application.class]
23:19:04.610 [Test worker] INFO org.springframework.boot.test.context.SpringBootTestContextBootstrapper - Found @SpringBootConfiguration br.com.achimid.api.avtklab.Application for test class br.com.achimid.api.avtklab.controller.TestEventController
23:19:04.760 [Test worker] DEBUG org.springframework.boot.test.context.SpringBootTestContextBootstrapper - @TestExecutionListeners is not present for class [br.com.achimid.api.avtklab.controller.TestEventController]: using defaults.
23:19:04.760 [Test worker] INFO org.springframework.boot.test.context.SpringBootTestContextBootstrapper - Loaded default TestExecutionListener class names from location [META-INF/spring.factories]: [org.springframework.security.test.context.support.WithSecurityContextTestExecutionListener, org.springframework.security.test.context.support.ReactorContextTestExecutionListener, org.springframework.boot.test.autoconfigure.restdocs.RestDocsTestExecutionListener, org.springframework.boot.test.autoconfigure.web.client.MockRestServiceServerResetTestExecutionListener, org.springframework.boot.test.autoconfigure.web.servlet.MockMvcPrintOnlyOnFailureTestExecutionListener, org.springframework.boot.test.autoconfigure.web.servlet.WebDriverTestExecutionListener, org.springframework.boot.test.mock.mockito.MockitoTestExecutionListener, org.springframework.boot.test.mock.mockito.ResetMocksTestExecutionListener, org.springframework.test.context.web.ServletTestExecutionListener, org.springframework.test.context.support.DirtiesContextBeforeModesTestExecutionListener, org.springframework.test.context.support.DependencyInjectionTestExecutionListener, org.springframework.test.context.support.DirtiesContextTestExecutionListener, org.springframework.test.context.transaction.TransactionalTestExecutionListener, org.springframework.test.context.jdbc.SqlScriptsTestExecutionListener]
23:19:04.784 [Test worker] INFO org.springframework.boot.test.context.SpringBootTestContextBootstrapper - Using TestExecutionListeners: [org.springframework.test.context.web.ServletTestExecutionListener@506761c2, org.springframework.test.context.support.DirtiesContextBeforeModesTestExecutionListener@79cb56ea, org.springframework.boot.test.mock.mockito.MockitoTestExecutionListener@43cde5c7, org.springframework.boot.test.autoconfigure.SpringBootDependencyInjectionTestExecutionListener@699f02cc, org.springframework.test.context.support.DirtiesContextTestExecutionListener@29d074c, org.springframework.test.context.transaction.TransactionalTestExecutionListener@21426df3, org.springframework.test.context.jdbc.SqlScriptsTestExecutionListener@d0d57c1, org.springframework.security.test.context.support.WithSecurityContextTestExecutionListener@1c95adce, org.springframework.security.test.context.support.ReactorContextTestExecutionListener@76587e77, org.springframework.boot.test.autoconfigure.restdocs.RestDocsTestExecutionListener@4447b8ba, org.springframework.boot.test.autoconfigure.web.client.MockRestServiceServerResetTestExecutionListener@23134cac, org.springframework.boot.test.autoconfigure.web.servlet.MockMvcPrintOnlyOnFailureTestExecutionListener@12d96edd, org.springframework.boot.test.autoconfigure.web.servlet.WebDriverTestExecutionListener@27470137, org.springframework.boot.test.mock.mockito.ResetMocksTestExecutionListener@5e3cef0d]
23:19:04.788 [Test worker] DEBUG org.springframework.test.annotation.ProfileValueUtils - Retrieved @ProfileValueSourceConfiguration [null] for test class [br.com.achimid.api.avtklab.controller.TestEventController]
23:19:04.789 [Test worker] DEBUG org.springframework.test.annotation.ProfileValueUtils - Retrieved ProfileValueSource type [class org.springframework.test.annotation.SystemProfileValueSource] for class [br.com.achimid.api.avtklab.controller.TestEventController]
23:19:04.791 [Test worker] DEBUG org.springframework.test.annotation.ProfileValueUtils - Retrieved @ProfileValueSourceConfiguration [null] for test class [br.com.achimid.api.avtklab.controller.TestEventController]
23:19:04.791 [Test worker] DEBUG org.springframework.test.annotation.ProfileValueUtils - Retrieved ProfileValueSource type [class org.springframework.test.annotation.SystemProfileValueSource] for class [br.com.achimid.api.avtklab.controller.TestEventController]
23:19:04.791 [Test worker] DEBUG org.springframework.test.annotation.ProfileValueUtils - Retrieved @ProfileValueSourceConfiguration [null] for test class [br.com.achimid.api.avtklab.controller.TestEventController]
23:19:04.792 [Test worker] DEBUG org.springframework.test.annotation.ProfileValueUtils - Retrieved ProfileValueSource type [class org.springframework.test.annotation.SystemProfileValueSource] for class [br.com.achimid.api.avtklab.controller.TestEventController]
23:19:04.795 [Test worker] DEBUG org.springframework.test.context.support.AbstractDirtiesContextTestExecutionListener - Before test class: context [DefaultTestContext@4a7505db testClass = TestEventController, testInstance = [null], testMethod = [null], testException = [null], mergedContextConfiguration = [WebMergedContextConfiguration@2f09caad testClass = TestEventController, locations = '{}', classes = '{class br.com.achimid.api.avtklab.Application}', contextInitializerClasses = '[]', activeProfiles = '{}', propertySourceLocations = '{classpath:application-test.properties}', propertySourceProperties = '{org.springframework.boot.test.context.SpringBootTestContextBootstrapper=true, server.port=0}', contextCustomizers = set[org.springframework.boot.test.autoconfigure.properties.PropertyMappingContextCustomizer@0, org.springframework.boot.test.autoconfigure.web.servlet.WebDriverContextCustomizerFactory$Customizer@569e47e7, org.springframework.boot.test.context.filter.ExcludeFilterContextCustomizer@7d9fc802, org.springframework.boot.test.json.DuplicateJsonObjectContextCustomizerFactory$DuplicateJsonObjectContextCustomizer@4e7809e0, org.springframework.boot.test.mock.mockito.MockitoContextCustomizer@0, org.springframework.boot.test.web.client.TestRestTemplateContextCustomizer@1c036855], resourceBasePath = 'src/main/webapp', contextLoader = 'org.springframework.boot.test.context.SpringBootContextLoader', parent = [null]], attributes = map['org.springframework.test.context.web.ServletTestExecutionListener.activateListener' -> false]], class annotated with @DirtiesContext [true] with mode [BEFORE_EACH_TEST_METHOD].
23:19:04.796 [Test worker] DEBUG org.springframework.test.annotation.ProfileValueUtils - Retrieved @ProfileValueSourceConfiguration [null] for test class [br.com.achimid.api.avtklab.controller.TestEventController]
23:19:04.797 [Test worker] DEBUG org.springframework.test.annotation.ProfileValueUtils - Retrieved ProfileValueSource type [class org.springframework.test.annotation.SystemProfileValueSource] for class [br.com.achimid.api.avtklab.controller.TestEventController]
23:19:04.801 [Test worker] DEBUG org.springframework.test.context.support.DependencyInjectionTestExecutionListener - Performing dependency injection for test context [[DefaultTestContext@4a7505db testClass = TestEventController, testInstance = br.com.achimid.api.avtklab.controller.TestEventController@72019f4f, testMethod = [null], testException = [null], mergedContextConfiguration = [WebMergedContextConfiguration@2f09caad testClass = TestEventController, locations = '{}', classes = '{class br.com.achimid.api.avtklab.Application}', contextInitializerClasses = '[]', activeProfiles = '{}', propertySourceLocations = '{classpath:application-test.properties}', propertySourceProperties = '{org.springframework.boot.test.context.SpringBootTestContextBootstrapper=true, server.port=0}', contextCustomizers = set[org.springframework.boot.test.autoconfigure.properties.PropertyMappingContextCustomizer@0, org.springframework.boot.test.autoconfigure.web.servlet.WebDriverContextCustomizerFactory$Customizer@569e47e7, org.springframework.boot.test.context.filter.ExcludeFilterContextCustomizer@7d9fc802, org.springframework.boot.test.json.DuplicateJsonObjectContextCustomizerFactory$DuplicateJsonObjectContextCustomizer@4e7809e0, org.springframework.boot.test.mock.mockito.MockitoContextCustomizer@0, org.springframework.boot.test.web.client.TestRestTemplateContextCustomizer@1c036855], resourceBasePath = 'src/main/webapp', contextLoader = 'org.springframework.boot.test.context.SpringBootContextLoader', parent = [null]], attributes = map['org.springframework.test.context.web.ServletTestExecutionListener.activateListener' -> false]]].
23:19:04.826 [Test worker] DEBUG org.springframework.test.context.support.TestPropertySourceUtils - Adding inlined properties to environment: {spring.jmx.enabled=false, org.springframework.boot.test.context.SpringBootTestContextBootstrapper=true, server.port=0}

  .   ____          _            __ _ _
 /\\ / ___'_ __ _ _(_)_ __  __ _ \ \ \ \
( ( )\___ | '_ | '_| | '_ \/ _` | \ \ \ \
 \\/  ___)| |_)| | | | | || (_| |  ) ) ) )
  '  |____| .__|_| |_|_| |_\__, | / / / /
 =========|_|==============|___/=/_/_/_/
 :: Spring Boot ::        (v2.1.1.RELEASE)

2018-12-15 23:19:05.251  INFO 13895 --- [    Test worker] b.c.a.a.a.c.TestEventController          : Starting TestEventController on lourran-PC with PID 13895 (started by lourran in /home/lourran/Documentos/workspace/av-tokenlab/api.avtklab)
2018-12-15 23:19:05.255  INFO 13895 --- [    Test worker] b.c.a.a.a.c.TestEventController          : No active profile set, falling back to default profiles: default
2018-12-15 23:19:07.000  INFO 13895 --- [    Test worker] .s.d.r.c.RepositoryConfigurationDelegate : Bootstrapping Spring Data repositories in DEFAULT mode.
2018-12-15 23:19:07.099  INFO 13895 --- [    Test worker] .s.d.r.c.RepositoryConfigurationDelegate : Finished Spring Data repository scanning in 87ms. Found 1 repository interfaces.
2018-12-15 23:19:07.902  INFO 13895 --- [    Test worker] trationDelegate$BeanPostProcessorChecker : Bean 'org.springframework.transaction.annotation.ProxyTransactionManagementConfiguration' of type [org.springframework.transaction.annotation.ProxyTransactionManagementConfiguration$$EnhancerBySpringCGLIB$$df392204] is not eligible for getting processed by all BeanPostProcessors (for example: not eligible for auto-proxying)
2018-12-15 23:19:08.498  INFO 13895 --- [    Test worker] o.s.b.w.embedded.tomcat.TomcatWebServer  : Tomcat initialized with port(s): 0 (http)
2018-12-15 23:19:08.543  INFO 13895 --- [    Test worker] o.apache.catalina.core.StandardService   : Starting service [Tomcat]
2018-12-15 23:19:08.544  INFO 13895 --- [    Test worker] org.apache.catalina.core.StandardEngine  : Starting Servlet Engine: Apache Tomcat/9.0.13
2018-12-15 23:19:08.556  INFO 13895 --- [    Test worker] o.a.catalina.core.AprLifecycleListener   : The APR based Apache Tomcat Native library which allows optimal performance in production environments was not found on the java.library.path: [/usr/java/packages/lib/amd64:/usr/lib/x86_64-linux-gnu/jni:/lib/x86_64-linux-gnu:/usr/lib/x86_64-linux-gnu:/usr/lib/jni:/lib:/usr/lib]
2018-12-15 23:19:08.720  INFO 13895 --- [    Test worker] o.a.c.c.C.[Tomcat].[localhost].[/]       : Initializing Spring embedded WebApplicationContext
2018-12-15 23:19:08.720  INFO 13895 --- [    Test worker] o.s.web.context.ContextLoader            : Root WebApplicationContext: initialization completed in 3014 ms
2018-12-15 23:19:09.177  INFO 13895 --- [    Test worker] com.zaxxer.hikari.HikariDataSource       : HikariPool-1 - Starting...
2018-12-15 23:19:09.366  INFO 13895 --- [    Test worker] com.zaxxer.hikari.HikariDataSource       : HikariPool-1 - Start completed.
2018-12-15 23:19:09.452  INFO 13895 --- [    Test worker] o.hibernate.jpa.internal.util.LogHelper  : HHH000204: Processing PersistenceUnitInfo [
	name: default
	...]
2018-12-15 23:19:09.553  INFO 13895 --- [    Test worker] org.hibernate.Version                    : HHH000412: Hibernate Core {5.3.7.Final}
2018-12-15 23:19:09.555  INFO 13895 --- [    Test worker] org.hibernate.cfg.Environment            : HHH000206: hibernate.properties not found
2018-12-15 23:19:09.727  INFO 13895 --- [    Test worker] o.hibernate.annotations.common.Version   : HCANN000001: Hibernate Commons Annotations {5.0.4.Final}
2018-12-15 23:19:09.919  INFO 13895 --- [    Test worker] org.hibernate.dialect.Dialect            : HHH000400: Using dialect: org.hibernate.dialect.H2Dialect
Hibernate: drop table event if exists
Hibernate: create table event (id integer generated by default as identity, created timestamp, updated timestamp, description varchar(255) not null, end_date timestamp not null, start_date timestamp not null, primary key (id))
2018-12-15 23:19:10.818  INFO 13895 --- [    Test worker] o.h.t.schema.internal.SchemaCreatorImpl  : HHH000476: Executing import script 'org.hibernate.tool.schema.internal.exec.ScriptSourceInputNonExistentImpl@a70946'
2018-12-15 23:19:10.821  INFO 13895 --- [    Test worker] j.LocalContainerEntityManagerFactoryBean : Initialized JPA EntityManagerFactory for persistence unit 'default'
2018-12-15 23:19:12.258  WARN 13895 --- [    Test worker] aWebConfiguration$JpaWebMvcConfiguration : spring.jpa.open-in-view is enabled by default. Therefore, database queries may be performed during view rendering. Explicitly configure spring.jpa.open-in-view to disable this warning
2018-12-15 23:19:12.992  INFO 13895 --- [    Test worker] o.s.s.web.DefaultSecurityFilterChain     : Creating filter chain: any request, [org.springframework.security.web.context.request.async.WebAsyncManagerIntegrationFilter@75038ffa, org.springframework.security.web.context.SecurityContextPersistenceFilter@14de39, org.springframework.security.web.header.HeaderWriterFilter@782c43ee, org.springframework.web.filter.CorsFilter@187cb9e9, org.springframework.security.web.authentication.logout.LogoutFilter@587d15ad, org.springframework.security.web.authentication.UsernamePasswordAuthenticationFilter@5bf028ea, org.springframework.security.web.authentication.ui.DefaultLoginPageGeneratingFilter@15891aaf, org.springframework.security.web.authentication.ui.DefaultLogoutPageGeneratingFilter@41fc9dd3, org.springframework.security.web.authentication.www.BasicAuthenticationFilter@62aa0546, org.springframework.security.web.savedrequest.RequestCacheAwareFilter@fe795b9, org.springframework.security.web.servletapi.SecurityContextHolderAwareRequestFilter@7c6f33a, org.springframework.security.web.authentication.AnonymousAuthenticationFilter@6983a6f5, org.springframework.security.web.session.SessionManagementFilter@a66b09, org.springframework.security.web.access.ExceptionTranslationFilter@78e38f68, org.springframework.security.web.access.intercept.FilterSecurityInterceptor@1d1edd90]
2018-12-15 23:19:13.064  INFO 13895 --- [    Test worker] pertySourcedRequestMappingHandlerMapping : Mapped URL path [/v2/api-docs] onto method [public org.springframework.http.ResponseEntity<springfox.documentation.spring.web.json.Json> springfox.documentation.swagger2.web.Swagger2Controller.getDocumentation(java.lang.String,javax.servlet.http.HttpServletRequest)]
2018-12-15 23:19:13.504  INFO 13895 --- [    Test worker] o.s.s.concurrent.ThreadPoolTaskExecutor  : Initializing ExecutorService 'applicationTaskExecutor'
2018-12-15 23:19:14.592  INFO 13895 --- [    Test worker] d.s.w.p.DocumentationPluginsBootstrapper : Context refreshed
2018-12-15 23:19:14.620  INFO 13895 --- [    Test worker] d.s.w.p.DocumentationPluginsBootstrapper : Found 1 custom documentation plugin(s)
2018-12-15 23:19:14.668  INFO 13895 --- [    Test worker] s.d.s.w.s.ApiListingReferenceScanner     : Scanning for api listing references
2018-12-15 23:19:15.042  INFO 13895 --- [    Test worker] o.s.b.w.embedded.tomcat.TomcatWebServer  : Tomcat started on port(s): 46675 (http) with context path ''
2018-12-15 23:19:15.051  INFO 13895 --- [    Test worker] b.c.a.a.a.c.TestEventController          : Started TestEventController in 10.221 seconds (JVM running for 11.397)
2018-12-15 23:19:15.067  INFO 13895 --- [    Test worker] o.s.s.concurrent.ThreadPoolTaskExecutor  : Shutting down ExecutorService 'applicationTaskExecutor'
2018-12-15 23:19:15.071  INFO 13895 --- [    Test worker] j.LocalContainerEntityManagerFactoryBean : Closing JPA EntityManagerFactory for persistence unit 'default'
2018-12-15 23:19:15.071  INFO 13895 --- [    Test worker] .SchemaDropperImpl$DelayedDropActionImpl : HHH000477: Starting delayed evictData of schema as part of SessionFactory shut-down'
Hibernate: drop table event if exists
2018-12-15 23:19:15.085  INFO 13895 --- [    Test worker] o.s.b.f.support.DisposableBeanAdapter    : Invocation of destroy method failed on bean with name 'inMemoryDatabaseShutdownExecutor': org.h2.jdbc.JdbcSQLException: Database is already closed (to disable automatic closing at VM shutdown, add ";DB_CLOSE_ON_EXIT=FALSE" to the db URL) [90121-197]
2018-12-15 23:19:15.085  INFO 13895 --- [    Test worker] com.zaxxer.hikari.HikariDataSource       : HikariPool-1 - Shutdown initiated...
2018-12-15 23:19:15.099  INFO 13895 --- [    Test worker] com.zaxxer.hikari.HikariDataSource       : HikariPool-1 - Shutdown completed.

  .   ____          _            __ _ _
 /\\ / ___'_ __ _ _(_)_ __  __ _ \ \ \ \
( ( )\___ | '_ | '_| | '_ \/ _` | \ \ \ \
 \\/  ___)| |_)| | | | | || (_| |  ) ) ) )
  '  |____| .__|_| |_|_| |_\__, | / / / /
 =========|_|==============|___/=/_/_/_/
 :: Spring Boot ::        (v2.1.1.RELEASE)

2018-12-15 23:19:15.189  INFO 13895 --- [    Test worker] b.c.a.a.a.c.TestEventController          : Starting TestEventController on lourran-PC with PID 13895 (started by lourran in /home/lourran/Documentos/workspace/av-tokenlab/api.avtklab)
2018-12-15 23:19:15.189  INFO 13895 --- [    Test worker] b.c.a.a.a.c.TestEventController          : No active profile set, falling back to default profiles: default
2018-12-15 23:19:15.641  INFO 13895 --- [    Test worker] .s.d.r.c.RepositoryConfigurationDelegate : Bootstrapping Spring Data repositories in DEFAULT mode.
2018-12-15 23:19:15.653  INFO 13895 --- [    Test worker] .s.d.r.c.RepositoryConfigurationDelegate : Finished Spring Data repository scanning in 11ms. Found 1 repository interfaces.
2018-12-15 23:19:15.798  INFO 13895 --- [    Test worker] trationDelegate$BeanPostProcessorChecker : Bean 'org.springframework.transaction.annotation.ProxyTransactionManagementConfiguration' of type [org.springframework.transaction.annotation.ProxyTransactionManagementConfiguration$$EnhancerBySpringCGLIB$$df392204] is not eligible for getting processed by all BeanPostProcessors (for example: not eligible for auto-proxying)
2018-12-15 23:19:16.037  INFO 13895 --- [    Test worker] o.s.b.w.embedded.tomcat.TomcatWebServer  : Tomcat initialized with port(s): 0 (http)
2018-12-15 23:19:16.039  INFO 13895 --- [    Test worker] o.apache.catalina.core.StandardService   : Starting service [Tomcat]
2018-12-15 23:19:16.039  INFO 13895 --- [    Test worker] org.apache.catalina.core.StandardEngine  : Starting Servlet Engine: Apache Tomcat/9.0.13
2018-12-15 23:19:16.062  INFO 13895 --- [    Test worker] o.a.c.c.C.[Tomcat].[localhost].[/]       : Initializing Spring embedded WebApplicationContext
2018-12-15 23:19:16.063  INFO 13895 --- [    Test worker] o.s.web.context.ContextLoader            : Root WebApplicationContext: initialization completed in 871 ms
2018-12-15 23:19:16.305  INFO 13895 --- [    Test worker] com.zaxxer.hikari.HikariDataSource       : HikariPool-2 - Starting...
2018-12-15 23:19:16.308  INFO 13895 --- [    Test worker] com.zaxxer.hikari.HikariDataSource       : HikariPool-2 - Start completed.
2018-12-15 23:19:16.333  INFO 13895 --- [    Test worker] o.hibernate.jpa.internal.util.LogHelper  : HHH000204: Processing PersistenceUnitInfo [
	name: default
	...]
2018-12-15 23:19:16.341  INFO 13895 --- [    Test worker] org.hibernate.dialect.Dialect            : HHH000400: Using dialect: org.hibernate.dialect.H2Dialect
Hibernate: drop table event if exists
Hibernate: create table event (id integer generated by default as identity, created timestamp, updated timestamp, description varchar(255) not null, end_date timestamp not null, start_date timestamp not null, primary key (id))
2018-12-15 23:19:16.398  INFO 13895 --- [    Test worker] o.h.t.schema.internal.SchemaCreatorImpl  : HHH000476: Executing import script 'org.hibernate.tool.schema.internal.exec.ScriptSourceInputNonExistentImpl@a70946'
2018-12-15 23:19:16.399  INFO 13895 --- [    Test worker] j.LocalContainerEntityManagerFactoryBean : Initialized JPA EntityManagerFactory for persistence unit 'default'
2018-12-15 23:19:16.962  WARN 13895 --- [    Test worker] aWebConfiguration$JpaWebMvcConfiguration : spring.jpa.open-in-view is enabled by default. Therefore, database queries may be performed during view rendering. Explicitly configure spring.jpa.open-in-view to disable this warning
2018-12-15 23:19:17.355  INFO 13895 --- [    Test worker] o.s.s.web.DefaultSecurityFilterChain     : Creating filter chain: any request, [org.springframework.security.web.context.request.async.WebAsyncManagerIntegrationFilter@35563307, org.springframework.security.web.context.SecurityContextPersistenceFilter@e7fdbdc, org.springframework.security.web.header.HeaderWriterFilter@7feb2535, org.springframework.web.filter.CorsFilter@6def9b80, org.springframework.security.web.authentication.logout.LogoutFilter@1df9a414, org.springframework.security.web.authentication.UsernamePasswordAuthenticationFilter@57cac83f, org.springframework.security.web.authentication.ui.DefaultLoginPageGeneratingFilter@6d282356, org.springframework.security.web.authentication.ui.DefaultLogoutPageGeneratingFilter@27628281, org.springframework.security.web.authentication.www.BasicAuthenticationFilter@155fd5c1, org.springframework.security.web.savedrequest.RequestCacheAwareFilter@73cf7c26, org.springframework.security.web.servletapi.SecurityContextHolderAwareRequestFilter@552b2de7, org.springframework.security.web.authentication.AnonymousAuthenticationFilter@26682d62, org.springframework.security.web.session.SessionManagementFilter@2f82f73b, org.springframework.security.web.access.ExceptionTranslationFilter@45970b4e, org.springframework.security.web.access.intercept.FilterSecurityInterceptor@2b1c3b7f]
2018-12-15 23:19:17.409  INFO 13895 --- [    Test worker] pertySourcedRequestMappingHandlerMapping : Mapped URL path [/v2/api-docs] onto method [public org.springframework.http.ResponseEntity<springfox.documentation.spring.web.json.Json> springfox.documentation.swagger2.web.Swagger2Controller.getDocumentation(java.lang.String,javax.servlet.http.HttpServletRequest)]
2018-12-15 23:19:17.635  INFO 13895 --- [    Test worker] o.s.s.concurrent.ThreadPoolTaskExecutor  : Initializing ExecutorService 'applicationTaskExecutor'
2018-12-15 23:19:17.880  INFO 13895 --- [    Test worker] d.s.w.p.DocumentationPluginsBootstrapper : Context refreshed
2018-12-15 23:19:17.882  INFO 13895 --- [    Test worker] d.s.w.p.DocumentationPluginsBootstrapper : Found 1 custom documentation plugin(s)
2018-12-15 23:19:17.891  INFO 13895 --- [    Test worker] s.d.s.w.s.ApiListingReferenceScanner     : Scanning for api listing references
2018-12-15 23:19:17.980  INFO 13895 --- [    Test worker] o.s.b.w.embedded.tomcat.TomcatWebServer  : Tomcat started on port(s): 37947 (http) with context path ''
2018-12-15 23:19:17.981  INFO 13895 --- [    Test worker] b.c.a.a.a.c.TestEventController          : Started TestEventController in 2.838 seconds (JVM running for 14.328)
2018-12-15 23:19:19.311  INFO 13895 --- [o-auto-2-exec-1] o.a.c.c.C.[Tomcat].[localhost].[/]       : Initializing Spring DispatcherServlet 'dispatcherServlet'
2018-12-15 23:19:19.313  INFO 13895 --- [o-auto-2-exec-1] o.s.web.servlet.DispatcherServlet        : Initializing Servlet 'dispatcherServlet'
2018-12-15 23:19:19.350  INFO 13895 --- [o-auto-2-exec-1] o.s.web.servlet.DispatcherServlet        : Completed initialization in 36 ms
2018-12-15 23:19:19.741  INFO 13895 --- [o-auto-2-exec-1] o.h.h.i.QueryTranslatorFactoryInitiator  : HHH000397: Using ASTQueryTranslatorFactory
Hibernate: select event0_.id as id1_0_, event0_.created as created2_0_, event0_.updated as updated3_0_, event0_.description as descript4_0_, event0_.end_date as end_date5_0_, event0_.start_date as start_da6_0_ from event event0_
2018-12-15 23:19:20.204  INFO 13895 --- [    Test worker] o.s.s.concurrent.ThreadPoolTaskExecutor  : Shutting down ExecutorService 'applicationTaskExecutor'
2018-12-15 23:19:20.214  INFO 13895 --- [    Test worker] j.LocalContainerEntityManagerFactoryBean : Closing JPA EntityManagerFactory for persistence unit 'default'
2018-12-15 23:19:20.215  INFO 13895 --- [    Test worker] .SchemaDropperImpl$DelayedDropActionImpl : HHH000477: Starting delayed evictData of schema as part of SessionFactory shut-down'
Hibernate: drop table event if exists
2018-12-15 23:19:20.218  INFO 13895 --- [    Test worker] o.s.b.f.support.DisposableBeanAdapter    : Invocation of destroy method failed on bean with name 'inMemoryDatabaseShutdownExecutor': org.h2.jdbc.JdbcSQLException: Database is already closed (to disable automatic closing at VM shutdown, add ";DB_CLOSE_ON_EXIT=FALSE" to the db URL) [90121-197]
2018-12-15 23:19:20.218  INFO 13895 --- [    Test worker] com.zaxxer.hikari.HikariDataSource       : HikariPool-2 - Shutdown initiated...
2018-12-15 23:19:20.227  INFO 13895 --- [    Test worker] com.zaxxer.hikari.HikariDataSource       : HikariPool-2 - Shutdown completed.

  .   ____          _            __ _ _
 /\\ / ___'_ __ _ _(_)_ __  __ _ \ \ \ \
( ( )\___ | '_ | '_| | '_ \/ _` | \ \ \ \
 \\/  ___)| |_)| | | | | || (_| |  ) ) ) )
  '  |____| .__|_| |_|_| |_\__, | / / / /
 =========|_|==============|___/=/_/_/_/
 :: Spring Boot ::        (v2.1.1.RELEASE)

2018-12-15 23:19:20.361  INFO 13895 --- [    Test worker] b.c.a.a.a.c.TestEventController          : Starting TestEventController on lourran-PC with PID 13895 (started by lourran in /home/lourran/Documentos/workspace/av-tokenlab/api.avtklab)
2018-12-15 23:19:20.363  INFO 13895 --- [    Test worker] b.c.a.a.a.c.TestEventController          : No active profile set, falling back to default profiles: default
2018-12-15 23:19:20.972  INFO 13895 --- [    Test worker] .s.d.r.c.RepositoryConfigurationDelegate : Bootstrapping Spring Data repositories in DEFAULT mode.
2018-12-15 23:19:20.988  INFO 13895 --- [    Test worker] .s.d.r.c.RepositoryConfigurationDelegate : Finished Spring Data repository scanning in 13ms. Found 1 repository interfaces.
2018-12-15 23:19:21.094  INFO 13895 --- [    Test worker] trationDelegate$BeanPostProcessorChecker : Bean 'org.springframework.transaction.annotation.ProxyTransactionManagementConfiguration' of type [org.springframework.transaction.annotation.ProxyTransactionManagementConfiguration$$EnhancerBySpringCGLIB$$df392204] is not eligible for getting processed by all BeanPostProcessors (for example: not eligible for auto-proxying)
2018-12-15 23:19:21.252  INFO 13895 --- [    Test worker] o.s.b.w.embedded.tomcat.TomcatWebServer  : Tomcat initialized with port(s): 0 (http)
2018-12-15 23:19:21.255  INFO 13895 --- [    Test worker] o.apache.catalina.core.StandardService   : Starting service [Tomcat]
2018-12-15 23:19:21.256  INFO 13895 --- [    Test worker] org.apache.catalina.core.StandardEngine  : Starting Servlet Engine: Apache Tomcat/9.0.13
2018-12-15 23:19:21.275  INFO 13895 --- [    Test worker] o.a.c.c.C.[Tomcat].[localhost].[/]       : Initializing Spring embedded WebApplicationContext
2018-12-15 23:19:21.275  INFO 13895 --- [    Test worker] o.s.web.context.ContextLoader            : Root WebApplicationContext: initialization completed in 910 ms
2018-12-15 23:19:21.437  INFO 13895 --- [    Test worker] com.zaxxer.hikari.HikariDataSource       : HikariPool-3 - Starting...
2018-12-15 23:19:21.442  INFO 13895 --- [    Test worker] com.zaxxer.hikari.HikariDataSource       : HikariPool-3 - Start completed.
2018-12-15 23:19:21.459  INFO 13895 --- [    Test worker] o.hibernate.jpa.internal.util.LogHelper  : HHH000204: Processing PersistenceUnitInfo [
	name: default
	...]
2018-12-15 23:19:21.466  INFO 13895 --- [    Test worker] org.hibernate.dialect.Dialect            : HHH000400: Using dialect: org.hibernate.dialect.H2Dialect
Hibernate: drop table event if exists
Hibernate: create table event (id integer generated by default as identity, created timestamp, updated timestamp, description varchar(255) not null, end_date timestamp not null, start_date timestamp not null, primary key (id))
2018-12-15 23:19:21.530  INFO 13895 --- [    Test worker] o.h.t.schema.internal.SchemaCreatorImpl  : HHH000476: Executing import script 'org.hibernate.tool.schema.internal.exec.ScriptSourceInputNonExistentImpl@a70946'
2018-12-15 23:19:21.531  INFO 13895 --- [    Test worker] j.LocalContainerEntityManagerFactoryBean : Initialized JPA EntityManagerFactory for persistence unit 'default'
2018-12-15 23:19:22.001  WARN 13895 --- [    Test worker] aWebConfiguration$JpaWebMvcConfiguration : spring.jpa.open-in-view is enabled by default. Therefore, database queries may be performed during view rendering. Explicitly configure spring.jpa.open-in-view to disable this warning
2018-12-15 23:19:22.251  INFO 13895 --- [    Test worker] o.s.s.web.DefaultSecurityFilterChain     : Creating filter chain: any request, [org.springframework.security.web.context.request.async.WebAsyncManagerIntegrationFilter@3471ffd2, org.springframework.security.web.context.SecurityContextPersistenceFilter@6b0022d5, org.springframework.security.web.header.HeaderWriterFilter@4c2f1cea, org.springframework.web.filter.CorsFilter@42459193, org.springframework.security.web.authentication.logout.LogoutFilter@789fdcf9, org.springframework.security.web.authentication.UsernamePasswordAuthenticationFilter@3159911b, org.springframework.security.web.authentication.ui.DefaultLoginPageGeneratingFilter@126352ea, org.springframework.security.web.authentication.ui.DefaultLogoutPageGeneratingFilter@6852a447, org.springframework.security.web.authentication.www.BasicAuthenticationFilter@127d5298, org.springframework.security.web.savedrequest.RequestCacheAwareFilter@508751fb, org.springframework.security.web.servletapi.SecurityContextHolderAwareRequestFilter@647bcf4d, org.springframework.security.web.authentication.AnonymousAuthenticationFilter@15fe211f, org.springframework.security.web.session.SessionManagementFilter@70d0d7c7, org.springframework.security.web.access.ExceptionTranslationFilter@7a28329c, org.springframework.security.web.access.intercept.FilterSecurityInterceptor@41bd601c]
2018-12-15 23:19:22.388  INFO 13895 --- [    Test worker] pertySourcedRequestMappingHandlerMapping : Mapped URL path [/v2/api-docs] onto method [public org.springframework.http.ResponseEntity<springfox.documentation.spring.web.json.Json> springfox.documentation.swagger2.web.Swagger2Controller.getDocumentation(java.lang.String,javax.servlet.http.HttpServletRequest)]
2018-12-15 23:19:22.590  INFO 13895 --- [    Test worker] o.s.s.concurrent.ThreadPoolTaskExecutor  : Initializing ExecutorService 'applicationTaskExecutor'
2018-12-15 23:19:22.839  INFO 13895 --- [    Test worker] d.s.w.p.DocumentationPluginsBootstrapper : Context refreshed
2018-12-15 23:19:22.841  INFO 13895 --- [    Test worker] d.s.w.p.DocumentationPluginsBootstrapper : Found 1 custom documentation plugin(s)
2018-12-15 23:19:22.856  INFO 13895 --- [    Test worker] s.d.s.w.s.ApiListingReferenceScanner     : Scanning for api listing references
2018-12-15 23:19:23.002  INFO 13895 --- [    Test worker] o.s.b.w.embedded.tomcat.TomcatWebServer  : Tomcat started on port(s): 37021 (http) with context path ''
2018-12-15 23:19:23.003  INFO 13895 --- [    Test worker] b.c.a.a.a.c.TestEventController          : Started TestEventController in 2.739 seconds (JVM running for 19.35)
2018-12-15 23:19:23.054  INFO 13895 --- [o-auto-3-exec-1] o.a.c.c.C.[Tomcat].[localhost].[/]       : Initializing Spring DispatcherServlet 'dispatcherServlet'
2018-12-15 23:19:23.054  INFO 13895 --- [o-auto-3-exec-1] o.s.web.servlet.DispatcherServlet        : Initializing Servlet 'dispatcherServlet'
2018-12-15 23:19:23.074  INFO 13895 --- [o-auto-3-exec-1] o.s.web.servlet.DispatcherServlet        : Completed initialization in 20 ms
]]></system-out>
  <system-err><![CDATA[]]></system-err>
</testsuite>
