<?xml version="1.0" encoding="UTF-8"?>
<testsuite name="br.com.achimid.api.avtklab.ApplicationTests" tests="1" skipped="0" failures="0" errors="0" timestamp="2018-12-16T18:25:26" hostname="lourran-PC" time="0.002">
  <properties/>
  <testcase name="contextLoads" classname="br.com.achimid.api.avtklab.ApplicationTests" time="0.002"/>
  <system-out><![CDATA[2018-12-16 16:25:25.525  INFO 28380 --- [    Test worker] .b.t.c.SpringBootTestContextBootstrapper : Neither @ContextConfiguration nor @ContextHierarchy found for test class [br.com.achimid.api.avtklab.ApplicationTests], using SpringBootContextLoader
2018-12-16 16:25:25.526  INFO 28380 --- [    Test worker] o.s.t.c.support.AbstractContextLoader    : Could not detect default resource locations for test class [br.com.achimid.api.avtklab.ApplicationTests]: no resource found for suffixes {-context.xml, Context.groovy}.
2018-12-16 16:25:25.526  INFO 28380 --- [    Test worker] t.c.s.AnnotationConfigContextLoaderUtils : Could not detect default configuration classes for test class [br.com.achimid.api.avtklab.ApplicationTests]: ApplicationTests does not declare any static, non-private, non-final, nested classes annotated with @Configuration.
2018-12-16 16:25:25.528  INFO 28380 --- [    Test worker] .b.t.c.SpringBootTestContextBootstrapper : Found @SpringBootConfiguration br.com.achimid.api.avtklab.Application for test class br.com.achimid.api.avtklab.ApplicationTests
2018-12-16 16:25:25.529  INFO 28380 --- [    Test worker] .b.t.c.SpringBootTestContextBootstrapper : Loaded default TestExecutionListener class names from location [META-INF/spring.factories]: [org.springframework.security.test.context.support.WithSecurityContextTestExecutionListener, org.springframework.security.test.context.support.ReactorContextTestExecutionListener, org.springframework.boot.test.autoconfigure.restdocs.RestDocsTestExecutionListener, org.springframework.boot.test.autoconfigure.web.client.MockRestServiceServerResetTestExecutionListener, org.springframework.boot.test.autoconfigure.web.servlet.MockMvcPrintOnlyOnFailureTestExecutionListener, org.springframework.boot.test.autoconfigure.web.servlet.WebDriverTestExecutionListener, org.springframework.boot.test.mock.mockito.MockitoTestExecutionListener, org.springframework.boot.test.mock.mockito.ResetMocksTestExecutionListener, org.springframework.test.context.web.ServletTestExecutionListener, org.springframework.test.context.support.DirtiesContextBeforeModesTestExecutionListener, org.springframework.test.context.support.DependencyInjectionTestExecutionListener, org.springframework.test.context.support.DirtiesContextTestExecutionListener, org.springframework.test.context.transaction.TransactionalTestExecutionListener, org.springframework.test.context.jdbc.SqlScriptsTestExecutionListener]
2018-12-16 16:25:25.529  INFO 28380 --- [    Test worker] .b.t.c.SpringBootTestContextBootstrapper : Using TestExecutionListeners: [org.springframework.test.context.web.ServletTestExecutionListener@64fecbd, org.springframework.test.context.support.DirtiesContextBeforeModesTestExecutionListener@193cab0e, org.springframework.boot.test.mock.mockito.MockitoTestExecutionListener@6621a669, org.springframework.boot.test.autoconfigure.SpringBootDependencyInjectionTestExecutionListener@64f22ad4, org.springframework.test.context.support.DirtiesContextTestExecutionListener@1d2118f3, org.springframework.test.context.transaction.TransactionalTestExecutionListener@61b9a482, org.springframework.test.context.jdbc.SqlScriptsTestExecutionListener@a404432, org.springframework.security.test.context.support.WithSecurityContextTestExecutionListener@7f916b24, org.springframework.security.test.context.support.ReactorContextTestExecutionListener@6a6202a5, org.springframework.boot.test.autoconfigure.restdocs.RestDocsTestExecutionListener@46d326df, org.springframework.boot.test.autoconfigure.web.client.MockRestServiceServerResetTestExecutionListener@4eba9be3, org.springframework.boot.test.autoconfigure.web.servlet.MockMvcPrintOnlyOnFailureTestExecutionListener@3a86115b, org.springframework.boot.test.autoconfigure.web.servlet.WebDriverTestExecutionListener@408b5b84, org.springframework.boot.test.mock.mockito.ResetMocksTestExecutionListener@1fb17894]

  .   ____          _            __ _ _
 /\\ / ___'_ __ _ _(_)_ __  __ _ \ \ \ \
( ( )\___ | '_ | '_| | '_ \/ _` | \ \ \ \
 \\/  ___)| |_)| | | | | || (_| |  ) ) ) )
  '  |____| .__|_| |_|_| |_\__, | / / / /
 =========|_|==============|___/=/_/_/_/
 :: Spring Boot ::        (v2.1.1.RELEASE)

2018-12-16 16:25:25.556  INFO 28380 --- [    Test worker] b.c.a.api.avtklab.ApplicationTests       : Starting ApplicationTests on lourran-PC with PID 28380 (started by lourran in /home/lourran/Documentos/workspace/av-tokenlab/api.avtklab)
2018-12-16 16:25:25.556  INFO 28380 --- [    Test worker] b.c.a.api.avtklab.ApplicationTests       : No active profile set, falling back to default profiles: default
2018-12-16 16:25:25.697  INFO 28380 --- [    Test worker] .s.d.r.c.RepositoryConfigurationDelegate : Bootstrapping Spring Data repositories in DEFAULT mode.
2018-12-16 16:25:25.702  INFO 28380 --- [    Test worker] .s.d.r.c.RepositoryConfigurationDelegate : Finished Spring Data repository scanning in 5ms. Found 1 repository interfaces.
2018-12-16 16:25:25.747  INFO 28380 --- [    Test worker] trationDelegate$BeanPostProcessorChecker : Bean 'org.springframework.transaction.annotation.ProxyTransactionManagementConfiguration' of type [org.springframework.transaction.annotation.ProxyTransactionManagementConfiguration$$EnhancerBySpringCGLIB$$438a6bc9] is not eligible for getting processed by all BeanPostProcessors (for example: not eligible for auto-proxying)
2018-12-16 16:25:25.810  INFO 28380 --- [    Test worker] com.zaxxer.hikari.HikariDataSource       : HikariPool-47 - Starting...
2018-12-16 16:25:25.812  INFO 28380 --- [    Test worker] com.zaxxer.hikari.HikariDataSource       : HikariPool-47 - Start completed.
2018-12-16 16:25:25.833  INFO 28380 --- [    Test worker] o.hibernate.jpa.internal.util.LogHelper  : HHH000204: Processing PersistenceUnitInfo [
	name: default
	...]
2018-12-16 16:25:25.836  INFO 28380 --- [    Test worker] org.hibernate.dialect.Dialect            : HHH000400: Using dialect: org.hibernate.dialect.H2Dialect
2018-12-16 16:25:25.851  INFO 28380 --- [    Test worker] o.h.t.schema.internal.SchemaCreatorImpl  : HHH000476: Executing import script 'org.hibernate.tool.schema.internal.exec.ScriptSourceInputNonExistentImpl@65722eb3'
2018-12-16 16:25:25.851  INFO 28380 --- [    Test worker] j.LocalContainerEntityManagerFactoryBean : Initialized JPA EntityManagerFactory for persistence unit 'default'
2018-12-16 16:25:26.135  WARN 28380 --- [    Test worker] aWebConfiguration$JpaWebMvcConfiguration : spring.jpa.open-in-view is enabled by default. Therefore, database queries may be performed during view rendering. Explicitly configure spring.jpa.open-in-view to disable this warning
2018-12-16 16:25:26.296  INFO 28380 --- [    Test worker] o.s.s.web.DefaultSecurityFilterChain     : Creating filter chain: any request, [org.springframework.security.web.context.request.async.WebAsyncManagerIntegrationFilter@7c7cac75, org.springframework.security.web.context.SecurityContextPersistenceFilter@11c38e9b, org.springframework.security.web.header.HeaderWriterFilter@45a67584, org.springframework.web.filter.CorsFilter@58aeb317, org.springframework.security.web.authentication.logout.LogoutFilter@4e4c8853, org.springframework.security.web.authentication.UsernamePasswordAuthenticationFilter@da96a7a, org.springframework.security.web.authentication.ui.DefaultLoginPageGeneratingFilter@43f661e0, org.springframework.security.web.authentication.ui.DefaultLogoutPageGeneratingFilter@7e209444, org.springframework.security.web.authentication.www.BasicAuthenticationFilter@7ac96085, org.springframework.security.web.savedrequest.RequestCacheAwareFilter@977a8cf, org.springframework.security.web.servletapi.SecurityContextHolderAwareRequestFilter@7f0bf630, org.springframework.security.web.authentication.AnonymousAuthenticationFilter@389ccb40, org.springframework.security.web.session.SessionManagementFilter@6c0a1968, org.springframework.security.web.access.ExceptionTranslationFilter@45eba8e4, org.springframework.security.web.access.intercept.FilterSecurityInterceptor@768a1442]
2018-12-16 16:25:26.317  INFO 28380 --- [    Test worker] pertySourcedRequestMappingHandlerMapping : Mapped URL path [/v2/api-docs] onto method [public org.springframework.http.ResponseEntity<springfox.documentation.spring.web.json.Json> springfox.documentation.swagger2.web.Swagger2Controller.getDocumentation(java.lang.String,javax.servlet.http.HttpServletRequest)]
2018-12-16 16:25:26.455  INFO 28380 --- [    Test worker] o.s.s.concurrent.ThreadPoolTaskExecutor  : Initializing ExecutorService 'applicationTaskExecutor'
2018-12-16 16:25:26.648  INFO 28380 --- [    Test worker] d.s.w.p.DocumentationPluginsBootstrapper : Context refreshed
2018-12-16 16:25:26.649  INFO 28380 --- [    Test worker] d.s.w.p.DocumentationPluginsBootstrapper : Found 1 custom documentation plugin(s)
2018-12-16 16:25:26.652  INFO 28380 --- [    Test worker] s.d.s.w.s.ApiListingReferenceScanner     : Scanning for api listing references
2018-12-16 16:25:26.671  INFO 28380 --- [    Test worker] b.c.a.api.avtklab.ApplicationTests       : Started ApplicationTests in 1.124 seconds (JVM running for 79.895)
]]></system-out>
  <system-err><![CDATA[]]></system-err>
</testsuite>
